<?xml version="1.0" encoding="UTF-8" ?>
<testsuite failures="0" time="0.966" errors="1" skipped="0" tests="1" name="com.sap.nw.arquillian.test.FirstTest">
  <properties>
[...]
</properties>
  <testcase time="0.966" classname="com.sap.nw.arquillian.test.FirstTest" name="shouldReturnString">
    <error message="Could not create new instance of class org.jboss.arquillian.test.impl.EventTestRunnerAdaptor" type="java.lang.RuntimeException">java.lang.RuntimeException: Could not create new instance of class org.jboss.arquillian.test.impl.EventTestRunnerAdaptor
	at org.jboss.arquillian.test.spi.SecurityActions.newInstance(SecurityActions.java:160)
	at org.jboss.arquillian.test.spi.SecurityActions.newInstance(SecurityActions.java:111)
	at org.jboss.arquillian.test.spi.SecurityActions.newInstance(SecurityActions.java:97)
	at org.jboss.arquillian.test.spi.TestRunnerAdaptorBuilder.build(TestRunnerAdaptorBuilder.java:52)
	at org.jboss.arquillian.junit.Arquillian.run(Arquillian.java:93)
	at org.junit.runner.JUnitCore.run(JUnitCore.java:152)
	at org.junit.runner.JUnitCore.run(JUnitCore.java:131)
	at org.jboss.arquillian.junit.container.JUnitTestRunner.execute(JUnitTestRunner.java:65)
	at org.jboss.arquillian.protocol.servlet.runner.ServletTestRunner.executeTest(ServletTestRunner.java:160)
	at org.jboss.arquillian.protocol.servlet.runner.ServletTestRunner.execute(ServletTestRunner.java:126)
	at org.jboss.arquillian.protocol.servlet.runner.ServletTestRunner.doGet(ServletTestRunner.java:90)
	at javax.servlet.http.HttpServlet.service(HttpServlet.java:734)
	at javax.servlet.http.HttpServlet.service(HttpServlet.java:847)
	at com.sap.engine.services.servlets_jsp.server.Invokable.invoke(Invokable.java:152)
	at com.sap.engine.services.servlets_jsp.server.Invokable.invoke(Invokable.java:38)
	at com.sap.engine.services.servlets_jsp.server.HttpHandlerImpl.runServlet(HttpHandlerImpl.java:457)
	at com.sap.engine.services.servlets_jsp.server.HttpHandlerImpl.handleRequest(HttpHandlerImpl.java:210)
	at com.sap.engine.services.httpserver.server.RequestAnalizer.startServlet(RequestAnalizer.java:441)
	at com.sap.engine.services.httpserver.server.RequestAnalizer.startServlet(RequestAnalizer.java:430)
	at com.sap.engine.services.servlets_jsp.filters.DSRWebContainerFilter.process(DSRWebContainerFilter.java:38)
	at com.sap.engine.services.httpserver.chain.AbstractChain.process(AbstractChain.java:78)
	at com.sap.engine.services.servlets_jsp.filters.ServletSelector.process(ServletSelector.java:81)
	at com.sap.engine.services.httpserver.chain.AbstractChain.process(AbstractChain.java:78)
	at com.sap.engine.services.servlets_jsp.filters.ApplicationSelector.process(ApplicationSelector.java:278)
	at com.sap.engine.services.httpserver.chain.AbstractChain.process(AbstractChain.java:78)
	at com.sap.engine.services.httpserver.filters.WebContainerInvoker.process(WebContainerInvoker.java:81)
	at com.sap.engine.services.httpserver.chain.HostFilter.process(HostFilter.java:9)
	at com.sap.engine.services.httpserver.chain.AbstractChain.process(AbstractChain.java:78)
	at com.sap.engine.services.httpserver.filters.ResponseLogWriter.process(ResponseLogWriter.java:60)
	at com.sap.engine.services.httpserver.chain.HostFilter.process(HostFilter.java:9)
	at com.sap.engine.services.httpserver.chain.AbstractChain.process(AbstractChain.java:78)
	at com.sap.engine.services.httpserver.filters.DefineHostFilter.process(DefineHostFilter.java:27)
	at com.sap.engine.services.httpserver.chain.ServerFilter.process(ServerFilter.java:12)
	at com.sap.engine.services.httpserver.chain.AbstractChain.process(AbstractChain.java:78)
	at com.sap.engine.services.httpserver.filters.MonitoringFilter.process(MonitoringFilter.java:29)
	at com.sap.engine.services.httpserver.chain.ServerFilter.process(ServerFilter.java:12)
	at com.sap.engine.services.httpserver.chain.AbstractChain.process(AbstractChain.java:78)
	at com.sap.engine.services.httpserver.filters.SessionSizeFilter.process(SessionSizeFilter.java:26)
	at com.sap.engine.services.httpserver.chain.ServerFilter.process(ServerFilter.java:12)
	at com.sap.engine.services.httpserver.chain.AbstractChain.process(AbstractChain.java:78)
	at com.sap.engine.services.httpserver.filters.MemoryStatisticFilter.process(MemoryStatisticFilter.java:57)
	at com.sap.engine.services.httpserver.chain.ServerFilter.process(ServerFilter.java:12)
	at com.sap.engine.services.httpserver.chain.AbstractChain.process(AbstractChain.java:78)
	at com.sap.engine.services.httpserver.filters.DSRHttpFilter.process(DSRHttpFilter.java:43)
	at com.sap.engine.services.httpserver.chain.ServerFilter.process(ServerFilter.java:12)
	at com.sap.engine.services.httpserver.chain.AbstractChain.process(AbstractChain.java:78)
	at com.sap.engine.services.httpserver.server.Processor.chainedRequest(Processor.java:475)
	at com.sap.engine.services.httpserver.server.Processor$FCAProcessorThread.process(Processor.java:269)
	at com.sap.engine.services.httpserver.server.rcm.RequestProcessorThread.run(RequestProcessorThread.java:56)
	at com.sap.engine.core.thread.execution.Executable.run(Executable.java:122)
	at com.sap.engine.core.thread.execution.Executable.run(Executable.java:101)
	at com.sap.engine.core.thread.execution.CentralExecutor$SingleThread.run(CentralExecutor.java:328)
Caused by: java.lang.reflect.InvocationTargetException
	at sun.reflect.NativeConstructorAccessorImpl.newInstance0(Native Method)
	at sun.reflect.NativeConstructorAccessorImpl.newInstance(NativeConstructorAccessorImpl.java:39)
	at sun.reflect.DelegatingConstructorAccessorImpl.newInstance(DelegatingConstructorAccessorImpl.java:27)
	at java.lang.reflect.Constructor.newInstance(Constructor.java:513)
	at org.jboss.arquillian.test.spi.SecurityActions.newInstance(SecurityActions.java:156)
	... 51 more
Caused by: java.lang.RuntimeException: Could not create new instance of class org.jboss.arquillian.core.impl.ManagerImpl
	at org.jboss.arquillian.core.spi.SecurityActions.newInstance(SecurityActions.java:160)
	at org.jboss.arquillian.core.spi.SecurityActions.newInstance(SecurityActions.java:111)
	at org.jboss.arquillian.core.spi.SecurityActions.newInstance(SecurityActions.java:97)
	at org.jboss.arquillian.core.spi.ManagerBuilder.create(ManagerBuilder.java:77)
	at org.jboss.arquillian.test.impl.EventTestRunnerAdaptor.&lt;init&gt;(EventTestRunnerAdaptor.java:55)
	... 56 more
</error>
    <system-out>test.ear:
/lib/
/lib/arquillian-core.jar
/lib/arquillian-testenricher-nw-ejb.jar
/lib/arquillian-testenricher-ejb.jar
/lib/arquillian-junit.jar
/FirstTest.jar
/arquillian-protocol.war
</system-out>
  </testcase>
</testsuite>